{"C:\\CONTENTS\\JS\\GDBJest\\SimplePosts\\App.tsx": {"path":"C:\\CONTENTS\\JS\\GDBJest\\SimplePosts\\App.tsx","statementMap":{"0":{"start":{"line":25,"column":14},"end":{"line":25,"column":53}},"1":{"start":{"line":27,"column":16},"end":{"line":33,"column":1}},"2":{"start":{"line":35,"column":22},"end":{"line":45,"column":1}},"3":{"start":{"line":44,"column":20},"end":{"line":44,"column":24}},"4":{"start":{"line":47,"column":12},"end":{"line":58,"column":1}},"5":{"start":{"line":48,"column":2},"end":{"line":57,"column":4}}},"fnMap":{"0":{"name":"(anonymous_0)","decl":{"start":{"line":44,"column":14},"end":{"line":44,"column":15}},"loc":{"start":{"line":44,"column":20},"end":{"line":44,"column":24}},"line":44},"1":{"name":"(anonymous_1)","decl":{"start":{"line":47,"column":12},"end":{"line":47,"column":13}},"loc":{"start":{"line":47,"column":18},"end":{"line":58,"column":1}},"line":47}},"branchMap":{},"s":{"0":1,"1":1,"2":1,"3":0,"4":1,"5":1},"f":{"0":0,"1":1},"b":{},"_coverageSchema":"1a1c01bbd47fc00a2c39e90264f33305004495a9","hash":"734822590e34f5cc913a8571b225e2421dc7f8ad"}
,"C:\\CONTENTS\\JS\\GDBJest\\SimplePosts\\src\\components\\Comments.tsx": {"path":"C:\\CONTENTS\\JS\\GDBJest\\SimplePosts\\src\\components\\Comments.tsx","statementMap":{"0":{"start":{"line":18,"column":50},"end":{"line":102,"column":1}},"1":{"start":{"line":19,"column":19},"end":{"line":19,"column":32}},"2":{"start":{"line":20,"column":39},"end":{"line":22,"column":3}},"3":{"start":{"line":21,"column":13},"end":{"line":21,"column":34}},"4":{"start":{"line":23,"column":19},"end":{"line":27,"column":3}},"5":{"start":{"line":28,"column":46},"end":{"line":28,"column":64}},"6":{"start":{"line":30,"column":4},"end":{"line":30,"column":19}},"7":{"start":{"line":31,"column":51},"end":{"line":31,"column":66}},"8":{"start":{"line":33,"column":27},"end":{"line":35,"column":3}},"9":{"start":{"line":34,"column":27},"end":{"line":34,"column":56}},"10":{"start":{"line":37,"column":22},"end":{"line":37,"column":23}},"11":{"start":{"line":38,"column":2},"end":{"line":40,"column":3}},"12":{"start":{"line":39,"column":4},"end":{"line":39,"column":73}},"13":{"start":{"line":42,"column":2},"end":{"line":44,"column":17}},"14":{"start":{"line":43,"column":4},"end":{"line":43,"column":30}},"15":{"start":{"line":46,"column":32},"end":{"line":48,"column":3}},"16":{"start":{"line":47,"column":4},"end":{"line":47,"column":28}},"17":{"start":{"line":50,"column":21},"end":{"line":66,"column":3}},"18":{"start":{"line":51,"column":4},"end":{"line":65,"column":6}},"19":{"start":{"line":68,"column":2},"end":{"line":72,"column":3}},"20":{"start":{"line":69,"column":4},"end":{"line":71,"column":6}},"21":{"start":{"line":74,"column":2},"end":{"line":76,"column":3}},"22":{"start":{"line":75,"column":4},"end":{"line":75,"column":54}},"23":{"start":{"line":78,"column":2},"end":{"line":101,"column":4}}},"fnMap":{"0":{"name":"(anonymous_0)","decl":{"start":{"line":18,"column":50},"end":{"line":18,"column":51}},"loc":{"start":{"line":18,"column":64},"end":{"line":102,"column":1}},"line":18},"1":{"name":"(anonymous_1)","decl":{"start":{"line":21,"column":4},"end":{"line":21,"column":5}},"loc":{"start":{"line":21,"column":13},"end":{"line":21,"column":34}},"line":21},"2":{"name":"(anonymous_2)","decl":{"start":{"line":34,"column":4},"end":{"line":34,"column":5}},"loc":{"start":{"line":34,"column":27},"end":{"line":34,"column":56}},"line":34},"3":{"name":"(anonymous_3)","decl":{"start":{"line":42,"column":12},"end":{"line":42,"column":13}},"loc":{"start":{"line":42,"column":18},"end":{"line":44,"column":3}},"line":42},"4":{"name":"(anonymous_4)","decl":{"start":{"line":46,"column":32},"end":{"line":46,"column":33}},"loc":{"start":{"line":46,"column":52},"end":{"line":48,"column":3}},"line":46},"5":{"name":"(anonymous_5)","decl":{"start":{"line":50,"column":21},"end":{"line":50,"column":22}},"loc":{"start":{"line":50,"column":51},"end":{"line":66,"column":3}},"line":50}},"branchMap":{"0":{"loc":{"start":{"line":38,"column":2},"end":{"line":40,"column":3}},"type":"if","locations":[{"start":{"line":38,"column":2},"end":{"line":40,"column":3}},{"start":{},"end":{}}],"line":38},"1":{"loc":{"start":{"line":68,"column":2},"end":{"line":72,"column":3}},"type":"if","locations":[{"start":{"line":68,"column":2},"end":{"line":72,"column":3}},{"start":{},"end":{}}],"line":68},"2":{"loc":{"start":{"line":74,"column":2},"end":{"line":76,"column":3}},"type":"if","locations":[{"start":{"line":74,"column":2},"end":{"line":76,"column":3}},{"start":{},"end":{}}],"line":74}},"s":{"0":1,"1":0,"2":0,"3":0,"4":0,"5":0,"6":0,"7":0,"8":0,"9":0,"10":0,"11":0,"12":0,"13":0,"14":0,"15":0,"16":0,"17":0,"18":0,"19":0,"20":0,"21":0,"22":0,"23":0},"f":{"0":0,"1":0,"2":0,"3":0,"4":0,"5":0},"b":{"0":[0,0],"1":[0,0],"2":[0,0]},"_coverageSchema":"1a1c01bbd47fc00a2c39e90264f33305004495a9","hash":"aefffdc8298a25e0086fc8a3879635885b9f45f7"}
,"C:\\CONTENTS\\JS\\GDBJest\\SimplePosts\\src\\components\\Header.tsx": {"path":"C:\\CONTENTS\\JS\\GDBJest\\SimplePosts\\src\\components\\Header.tsx","statementMap":{"0":{"start":{"line":9,"column":46},"end":{"line":15,"column":1}},"1":{"start":{"line":10,"column":2},"end":{"line":14,"column":4}}},"fnMap":{"0":{"name":"(anonymous_0)","decl":{"start":{"line":9,"column":46},"end":{"line":9,"column":47}},"loc":{"start":{"line":9,"column":59},"end":{"line":15,"column":1}},"line":9}},"branchMap":{},"s":{"0":1,"1":0},"f":{"0":0},"b":{},"_coverageSchema":"1a1c01bbd47fc00a2c39e90264f33305004495a9","hash":"e37ba6e2598aa607e97ad1b11ef066b752161905"}
,"C:\\CONTENTS\\JS\\GDBJest\\SimplePosts\\src\\components\\PostItem.tsx": {"path":"C:\\CONTENTS\\JS\\GDBJest\\SimplePosts\\src\\components\\PostItem.tsx","statementMap":{"0":{"start":{"line":12,"column":50},"end":{"line":36,"column":1}},"1":{"start":{"line":13,"column":17},"end":{"line":13,"column":36}},"2":{"start":{"line":14,"column":15},"end":{"line":14,"column":74}},"3":{"start":{"line":14,"column":41},"end":{"line":14,"column":73}},"4":{"start":{"line":16,"column":2},"end":{"line":35,"column":4}}},"fnMap":{"0":{"name":"(anonymous_0)","decl":{"start":{"line":12,"column":50},"end":{"line":12,"column":51}},"loc":{"start":{"line":12,"column":63},"end":{"line":36,"column":1}},"line":12},"1":{"name":"(anonymous_1)","decl":{"start":{"line":14,"column":32},"end":{"line":14,"column":33}},"loc":{"start":{"line":14,"column":41},"end":{"line":14,"column":73}},"line":14}},"branchMap":{},"s":{"0":1,"1":0,"2":0,"3":0,"4":0},"f":{"0":0,"1":0},"b":{},"_coverageSchema":"1a1c01bbd47fc00a2c39e90264f33305004495a9","hash":"0a2e8799bc0d61113049508449ad3feb0c27ca39"}
,"C:\\CONTENTS\\JS\\GDBJest\\SimplePosts\\src\\components\\PostList.tsx": {"path":"C:\\CONTENTS\\JS\\GDBJest\\SimplePosts\\src\\components\\PostList.tsx","statementMap":{"0":{"start":{"line":29,"column":24},"end":{"line":129,"column":1}},"1":{"start":{"line":30,"column":19},"end":{"line":30,"column":32}},"2":{"start":{"line":31,"column":49},"end":{"line":31,"column":64}},"3":{"start":{"line":32,"column":58},"end":{"line":32,"column":73}},"4":{"start":{"line":33,"column":44},"end":{"line":33,"column":55}},"5":{"start":{"line":34,"column":36},"end":{"line":34,"column":56}},"6":{"start":{"line":35,"column":34},"end":{"line":35,"column":54}},"7":{"start":{"line":36,"column":36},"end":{"line":38,"column":3}},"8":{"start":{"line":37,"column":13},"end":{"line":37,"column":31}},"9":{"start":{"line":40,"column":22},"end":{"line":42,"column":3}},"10":{"start":{"line":41,"column":4},"end":{"line":41,"column":42}},"11":{"start":{"line":44,"column":29},"end":{"line":44,"column":59}},"12":{"start":{"line":44,"column":35},"end":{"line":44,"column":59}},"13":{"start":{"line":46,"column":32},"end":{"line":50,"column":3}},"14":{"start":{"line":47,"column":4},"end":{"line":47,"column":30}},"15":{"start":{"line":48,"column":4},"end":{"line":48,"column":29}},"16":{"start":{"line":49,"column":4},"end":{"line":49,"column":27}},"17":{"start":{"line":52,"column":21},"end":{"line":77,"column":3}},"18":{"start":{"line":53,"column":4},"end":{"line":76,"column":6}},"19":{"start":{"line":59,"column":25},"end":{"line":59,"column":45}},"20":{"start":{"line":79,"column":2},"end":{"line":81,"column":17}},"21":{"start":{"line":80,"column":4},"end":{"line":80,"column":27}},"22":{"start":{"line":83,"column":2},"end":{"line":89,"column":3}},"23":{"start":{"line":84,"column":4},"end":{"line":88,"column":6}},"24":{"start":{"line":91,"column":2},"end":{"line":97,"column":3}},"25":{"start":{"line":92,"column":4},"end":{"line":96,"column":6}},"26":{"start":{"line":99,"column":2},"end":{"line":128,"column":4}},"27":{"start":{"line":110,"column":32},"end":{"line":110,"column":50}}},"fnMap":{"0":{"name":"(anonymous_0)","decl":{"start":{"line":29,"column":24},"end":{"line":29,"column":25}},"loc":{"start":{"line":29,"column":78},"end":{"line":129,"column":1}},"line":29},"1":{"name":"(anonymous_1)","decl":{"start":{"line":37,"column":4},"end":{"line":37,"column":5}},"loc":{"start":{"line":37,"column":13},"end":{"line":37,"column":31}},"line":37},"2":{"name":"(anonymous_2)","decl":{"start":{"line":40,"column":22},"end":{"line":40,"column":23}},"loc":{"start":{"line":40,"column":38},"end":{"line":42,"column":3}},"line":40},"3":{"name":"(anonymous_3)","decl":{"start":{"line":44,"column":29},"end":{"line":44,"column":30}},"loc":{"start":{"line":44,"column":35},"end":{"line":44,"column":59}},"line":44},"4":{"name":"(anonymous_4)","decl":{"start":{"line":46,"column":32},"end":{"line":46,"column":33}},"loc":{"start":{"line":46,"column":49},"end":{"line":50,"column":3}},"line":46},"5":{"name":"(anonymous_5)","decl":{"start":{"line":52,"column":21},"end":{"line":52,"column":22}},"loc":{"start":{"line":52,"column":48},"end":{"line":77,"column":3}},"line":52},"6":{"name":"(anonymous_6)","decl":{"start":{"line":59,"column":19},"end":{"line":59,"column":20}},"loc":{"start":{"line":59,"column":25},"end":{"line":59,"column":45}},"line":59},"7":{"name":"(anonymous_7)","decl":{"start":{"line":79,"column":12},"end":{"line":79,"column":13}},"loc":{"start":{"line":79,"column":18},"end":{"line":81,"column":3}},"line":79},"8":{"name":"(anonymous_8)","decl":{"start":{"line":110,"column":24},"end":{"line":110,"column":25}},"loc":{"start":{"line":110,"column":32},"end":{"line":110,"column":50}},"line":110}},"branchMap":{"0":{"loc":{"start":{"line":83,"column":2},"end":{"line":89,"column":3}},"type":"if","locations":[{"start":{"line":83,"column":2},"end":{"line":89,"column":3}},{"start":{},"end":{}}],"line":83},"1":{"loc":{"start":{"line":91,"column":2},"end":{"line":97,"column":3}},"type":"if","locations":[{"start":{"line":91,"column":2},"end":{"line":97,"column":3}},{"start":{},"end":{}}],"line":91}},"s":{"0":1,"1":2,"2":2,"3":2,"4":2,"5":2,"6":2,"7":2,"8":4,"9":2,"10":0,"11":2,"12":0,"13":2,"14":0,"15":0,"16":0,"17":2,"18":0,"19":0,"20":2,"21":1,"22":2,"23":1,"24":1,"25":1,"26":0,"27":0},"f":{"0":2,"1":4,"2":0,"3":0,"4":0,"5":0,"6":0,"7":1,"8":0},"b":{"0":[1,1],"1":[1,0]},"_coverageSchema":"1a1c01bbd47fc00a2c39e90264f33305004495a9","hash":"acb50392b2b35765179c3899815c2c3eec70a777"}
,"C:\\CONTENTS\\JS\\GDBJest\\SimplePosts\\src\\components\\buttons\\AddCommentButton.tsx": {"path":"C:\\CONTENTS\\JS\\GDBJest\\SimplePosts\\src\\components\\buttons\\AddCommentButton.tsx","statementMap":{"0":{"start":{"line":19,"column":59},"end":{"line":49,"column":1}},"1":{"start":{"line":26,"column":19},"end":{"line":26,"column":32}},"2":{"start":{"line":28,"column":23},"end":{"line":39,"column":3}},"3":{"start":{"line":29,"column":4},"end":{"line":31,"column":5}},"4":{"start":{"line":30,"column":6},"end":{"line":30,"column":13}},"5":{"start":{"line":33,"column":4},"end":{"line":33,"column":18}},"6":{"start":{"line":34,"column":4},"end":{"line":34,"column":30}},"7":{"start":{"line":36,"column":4},"end":{"line":38,"column":5}},"8":{"start":{"line":37,"column":6},"end":{"line":37,"column":18}},"9":{"start":{"line":41,"column":2},"end":{"line":48,"column":4}}},"fnMap":{"0":{"name":"(anonymous_0)","decl":{"start":{"line":19,"column":59},"end":{"line":19,"column":60}},"loc":{"start":{"line":25,"column":6},"end":{"line":49,"column":1}},"line":25},"1":{"name":"(anonymous_1)","decl":{"start":{"line":28,"column":23},"end":{"line":28,"column":24}},"loc":{"start":{"line":28,"column":29},"end":{"line":39,"column":3}},"line":28}},"branchMap":{"0":{"loc":{"start":{"line":29,"column":4},"end":{"line":31,"column":5}},"type":"if","locations":[{"start":{"line":29,"column":4},"end":{"line":31,"column":5}},{"start":{},"end":{}}],"line":29},"1":{"loc":{"start":{"line":36,"column":4},"end":{"line":38,"column":5}},"type":"if","locations":[{"start":{"line":36,"column":4},"end":{"line":38,"column":5}},{"start":{},"end":{}}],"line":36},"2":{"loc":{"start":{"line":36,"column":8},"end":{"line":36,"column":38}},"type":"binary-expr","locations":[{"start":{"line":36,"column":8},"end":{"line":36,"column":27}},{"start":{"line":36,"column":31},"end":{"line":36,"column":38}}],"line":36}},"s":{"0":1,"1":0,"2":0,"3":0,"4":0,"5":0,"6":0,"7":0,"8":0,"9":0},"f":{"0":0,"1":0},"b":{"0":[0,0],"1":[0,0],"2":[0,0]},"_coverageSchema":"1a1c01bbd47fc00a2c39e90264f33305004495a9","hash":"d902ce2be3d8dafb613e952273835c993f202108"}
,"C:\\CONTENTS\\JS\\GDBJest\\SimplePosts\\src\\components\\buttons\\AddPostButton.tsx": {"path":"C:\\CONTENTS\\JS\\GDBJest\\SimplePosts\\src\\components\\buttons\\AddPostButton.tsx","statementMap":{"0":{"start":{"line":18,"column":56},"end":{"line":49,"column":1}},"1":{"start":{"line":26,"column":19},"end":{"line":26,"column":32}},"2":{"start":{"line":28,"column":23},"end":{"line":39,"column":3}},"3":{"start":{"line":29,"column":4},"end":{"line":31,"column":5}},"4":{"start":{"line":30,"column":6},"end":{"line":30,"column":13}},"5":{"start":{"line":32,"column":4},"end":{"line":32,"column":18}},"6":{"start":{"line":33,"column":4},"end":{"line":33,"column":30}},"7":{"start":{"line":35,"column":4},"end":{"line":37,"column":5}},"8":{"start":{"line":36,"column":6},"end":{"line":36,"column":19}},"9":{"start":{"line":38,"column":4},"end":{"line":38,"column":16}},"10":{"start":{"line":41,"column":2},"end":{"line":48,"column":4}}},"fnMap":{"0":{"name":"(anonymous_0)","decl":{"start":{"line":18,"column":56},"end":{"line":18,"column":57}},"loc":{"start":{"line":25,"column":6},"end":{"line":49,"column":1}},"line":25},"1":{"name":"(anonymous_1)","decl":{"start":{"line":28,"column":23},"end":{"line":28,"column":24}},"loc":{"start":{"line":28,"column":29},"end":{"line":39,"column":3}},"line":28}},"branchMap":{"0":{"loc":{"start":{"line":29,"column":4},"end":{"line":31,"column":5}},"type":"if","locations":[{"start":{"line":29,"column":4},"end":{"line":31,"column":5}},{"start":{},"end":{}}],"line":29},"1":{"loc":{"start":{"line":29,"column":8},"end":{"line":29,"column":51}},"type":"binary-expr","locations":[{"start":{"line":29,"column":8},"end":{"line":29,"column":27}},{"start":{"line":29,"column":31},"end":{"line":29,"column":51}}],"line":29},"2":{"loc":{"start":{"line":35,"column":4},"end":{"line":37,"column":5}},"type":"if","locations":[{"start":{"line":35,"column":4},"end":{"line":37,"column":5}},{"start":{},"end":{}}],"line":35},"3":{"loc":{"start":{"line":35,"column":8},"end":{"line":35,"column":40}},"type":"binary-expr","locations":[{"start":{"line":35,"column":8},"end":{"line":35,"column":28}},{"start":{"line":35,"column":32},"end":{"line":35,"column":40}}],"line":35}},"s":{"0":1,"1":0,"2":0,"3":0,"4":0,"5":0,"6":0,"7":0,"8":0,"9":0,"10":0},"f":{"0":0,"1":0},"b":{"0":[0,0],"1":[0,0],"2":[0,0],"3":[0,0]},"_coverageSchema":"1a1c01bbd47fc00a2c39e90264f33305004495a9","hash":"09355a05471f49d3c555b9df4d3f7e0719471f0a"}
,"C:\\CONTENTS\\JS\\GDBJest\\SimplePosts\\src\\components\\buttons\\ChangeButton.tsx": {"path":"C:\\CONTENTS\\JS\\GDBJest\\SimplePosts\\src\\components\\buttons\\ChangeButton.tsx","statementMap":{"0":{"start":{"line":20,"column":58},"end":{"line":40,"column":1}},"1":{"start":{"line":26,"column":19},"end":{"line":26,"column":32}},"2":{"start":{"line":28,"column":23},"end":{"line":31,"column":3}},"3":{"start":{"line":29,"column":4},"end":{"line":29,"column":30}},"4":{"start":{"line":30,"column":4},"end":{"line":30,"column":18}},"5":{"start":{"line":32,"column":2},"end":{"line":39,"column":4}}},"fnMap":{"0":{"name":"(anonymous_0)","decl":{"start":{"line":20,"column":58},"end":{"line":20,"column":59}},"loc":{"start":{"line":25,"column":6},"end":{"line":40,"column":1}},"line":25},"1":{"name":"(anonymous_1)","decl":{"start":{"line":28,"column":23},"end":{"line":28,"column":24}},"loc":{"start":{"line":28,"column":29},"end":{"line":31,"column":3}},"line":28}},"branchMap":{},"s":{"0":1,"1":0,"2":0,"3":0,"4":0,"5":0},"f":{"0":0,"1":0},"b":{},"_coverageSchema":"1a1c01bbd47fc00a2c39e90264f33305004495a9","hash":"370b0b978ac4098ab53046ae798a6fd91c4f6db1"}
,"C:\\CONTENTS\\JS\\GDBJest\\SimplePosts\\src\\components\\buttons\\DeleteButton.tsx": {"path":"C:\\CONTENTS\\JS\\GDBJest\\SimplePosts\\src\\components\\buttons\\DeleteButton.tsx","statementMap":{"0":{"start":{"line":17,"column":58},"end":{"line":30,"column":1}},"1":{"start":{"line":21,"column":19},"end":{"line":21,"column":32}},"2":{"start":{"line":22,"column":23},"end":{"line":24,"column":3}},"3":{"start":{"line":23,"column":4},"end":{"line":23,"column":30}},"4":{"start":{"line":25,"column":2},"end":{"line":29,"column":4}}},"fnMap":{"0":{"name":"(anonymous_0)","decl":{"start":{"line":17,"column":58},"end":{"line":17,"column":59}},"loc":{"start":{"line":20,"column":6},"end":{"line":30,"column":1}},"line":20},"1":{"name":"(anonymous_1)","decl":{"start":{"line":22,"column":23},"end":{"line":22,"column":24}},"loc":{"start":{"line":22,"column":29},"end":{"line":24,"column":3}},"line":22}},"branchMap":{},"s":{"0":1,"1":0,"2":0,"3":0,"4":0},"f":{"0":0,"1":0},"b":{},"_coverageSchema":"1a1c01bbd47fc00a2c39e90264f33305004495a9","hash":"d566bbceda2dd1a30aac447c4c5a7fc8ba0070ca"}
,"C:\\CONTENTS\\JS\\GDBJest\\SimplePosts\\src\\components\\buttons\\ToggleButton.tsx": {"path":"C:\\CONTENTS\\JS\\GDBJest\\SimplePosts\\src\\components\\buttons\\ToggleButton.tsx","statementMap":{"0":{"start":{"line":15,"column":58},"end":{"line":32,"column":1}},"1":{"start":{"line":20,"column":23},"end":{"line":26,"column":3}},"2":{"start":{"line":21,"column":4},"end":{"line":23,"column":5}},"3":{"start":{"line":22,"column":6},"end":{"line":22,"column":26}},"4":{"start":{"line":25,"column":4},"end":{"line":25,"column":17}},"5":{"start":{"line":27,"column":2},"end":{"line":31,"column":4}}},"fnMap":{"0":{"name":"(anonymous_0)","decl":{"start":{"line":15,"column":58},"end":{"line":15,"column":59}},"loc":{"start":{"line":19,"column":6},"end":{"line":32,"column":1}},"line":19},"1":{"name":"(anonymous_1)","decl":{"start":{"line":20,"column":23},"end":{"line":20,"column":24}},"loc":{"start":{"line":20,"column":29},"end":{"line":26,"column":3}},"line":20}},"branchMap":{"0":{"loc":{"start":{"line":21,"column":4},"end":{"line":23,"column":5}},"type":"if","locations":[{"start":{"line":21,"column":4},"end":{"line":23,"column":5}},{"start":{},"end":{}}],"line":21},"1":{"loc":{"start":{"line":21,"column":8},"end":{"line":21,"column":29}},"type":"binary-expr","locations":[{"start":{"line":21,"column":8},"end":{"line":21,"column":15}},{"start":{"line":21,"column":19},"end":{"line":21,"column":29}}],"line":21},"2":{"loc":{"start":{"line":29,"column":7},"end":{"line":29,"column":43}},"type":"cond-expr","locations":[{"start":{"line":29,"column":17},"end":{"line":29,"column":29}},{"start":{"line":29,"column":32},"end":{"line":29,"column":43}}],"line":29}},"s":{"0":1,"1":0,"2":0,"3":0,"4":0,"5":0},"f":{"0":0,"1":0},"b":{"0":[0,0],"1":[0,0],"2":[0,0]},"_coverageSchema":"1a1c01bbd47fc00a2c39e90264f33305004495a9","hash":"1ece122e10882e7edb95f6b8a32bc3dacc5c69ae"}
,"C:\\CONTENTS\\JS\\GDBJest\\SimplePosts\\src\\icons\\AddIcon.tsx": {"path":"C:\\CONTENTS\\JS\\GDBJest\\SimplePosts\\src\\icons\\AddIcon.tsx","statementMap":{"0":{"start":{"line":4,"column":33},"end":{"line":99,"column":1}},"1":{"start":{"line":5,"column":2},"end":{"line":98,"column":4}}},"fnMap":{"0":{"name":"(anonymous_0)","decl":{"start":{"line":4,"column":33},"end":{"line":4,"column":34}},"loc":{"start":{"line":4,"column":39},"end":{"line":99,"column":1}},"line":4}},"branchMap":{},"s":{"0":1,"1":0},"f":{"0":0},"b":{},"_coverageSchema":"1a1c01bbd47fc00a2c39e90264f33305004495a9","hash":"6f8ae279010dd141046ee9c3daa1d0bb66ac311f"}
,"C:\\CONTENTS\\JS\\GDBJest\\SimplePosts\\src\\icons\\DeleteIcon.tsx": {"path":"C:\\CONTENTS\\JS\\GDBJest\\SimplePosts\\src\\icons\\DeleteIcon.tsx","statementMap":{"0":{"start":{"line":4,"column":36},"end":{"line":38,"column":1}},"1":{"start":{"line":5,"column":2},"end":{"line":37,"column":4}}},"fnMap":{"0":{"name":"(anonymous_0)","decl":{"start":{"line":4,"column":36},"end":{"line":4,"column":37}},"loc":{"start":{"line":4,"column":42},"end":{"line":38,"column":1}},"line":4}},"branchMap":{},"s":{"0":1,"1":0},"f":{"0":0},"b":{},"_coverageSchema":"1a1c01bbd47fc00a2c39e90264f33305004495a9","hash":"08b1e2d2428839dbacc6b59add9c5e929af93779"}
,"C:\\CONTENTS\\JS\\GDBJest\\SimplePosts\\src\\icons\\EditIcon.tsx": {"path":"C:\\CONTENTS\\JS\\GDBJest\\SimplePosts\\src\\icons\\EditIcon.tsx","statementMap":{"0":{"start":{"line":4,"column":34},"end":{"line":49,"column":1}},"1":{"start":{"line":5,"column":2},"end":{"line":48,"column":4}}},"fnMap":{"0":{"name":"(anonymous_0)","decl":{"start":{"line":4,"column":34},"end":{"line":4,"column":35}},"loc":{"start":{"line":4,"column":40},"end":{"line":49,"column":1}},"line":4}},"branchMap":{},"s":{"0":1,"1":0},"f":{"0":0},"b":{},"_coverageSchema":"1a1c01bbd47fc00a2c39e90264f33305004495a9","hash":"7a4e5cf35e61b7c4477f07f9860e747ad7328f8e"}
,"C:\\CONTENTS\\JS\\GDBJest\\SimplePosts\\src\\modals\\AddCommentModal.tsx": {"path":"C:\\CONTENTS\\JS\\GDBJest\\SimplePosts\\src\\modals\\AddCommentModal.tsx","statementMap":{"0":{"start":{"line":14,"column":59},"end":{"line":60,"column":1}},"1":{"start":{"line":20,"column":26},"end":{"line":20,"column":38}},"2":{"start":{"line":21,"column":21},"end":{"line":25,"column":3}},"3":{"start":{"line":27,"column":2},"end":{"line":59,"column":4}},"4":{"start":{"line":31,"column":8},"end":{"line":31,"column":22}},"5":{"start":{"line":32,"column":8},"end":{"line":32,"column":20}},"6":{"start":{"line":44,"column":33},"end":{"line":44,"column":45}}},"fnMap":{"0":{"name":"(anonymous_0)","decl":{"start":{"line":14,"column":59},"end":{"line":14,"column":60}},"loc":{"start":{"line":19,"column":6},"end":{"line":60,"column":1}},"line":19},"1":{"name":"(anonymous_1)","decl":{"start":{"line":30,"column":22},"end":{"line":30,"column":23}},"loc":{"start":{"line":30,"column":28},"end":{"line":33,"column":7}},"line":30},"2":{"name":"(anonymous_2)","decl":{"start":{"line":44,"column":26},"end":{"line":44,"column":27}},"loc":{"start":{"line":44,"column":33},"end":{"line":44,"column":45}},"line":44}},"branchMap":{},"s":{"0":1,"1":0,"2":0,"3":0,"4":0,"5":0,"6":0},"f":{"0":0,"1":0,"2":0},"b":{},"_coverageSchema":"1a1c01bbd47fc00a2c39e90264f33305004495a9","hash":"56695379a38b4c394050382ec4817cefcf6fc00c"}
,"C:\\CONTENTS\\JS\\GDBJest\\SimplePosts\\src\\modals\\AddPostModal.tsx": {"path":"C:\\CONTENTS\\JS\\GDBJest\\SimplePosts\\src\\modals\\AddPostModal.tsx","statementMap":{"0":{"start":{"line":14,"column":54},"end":{"line":68,"column":1}},"1":{"start":{"line":15,"column":28},"end":{"line":15,"column":40}},"2":{"start":{"line":16,"column":26},"end":{"line":16,"column":38}},"3":{"start":{"line":18,"column":16},"end":{"line":18,"column":67}},"4":{"start":{"line":18,"column":42},"end":{"line":18,"column":66}},"5":{"start":{"line":19,"column":21},"end":{"line":19,"column":70}},"6":{"start":{"line":20,"column":17},"end":{"line":20,"column":31}},"7":{"start":{"line":22,"column":18},"end":{"line":26,"column":3}},"8":{"start":{"line":28,"column":2},"end":{"line":67,"column":4}},"9":{"start":{"line":32,"column":28},"end":{"line":32,"column":41}},"10":{"start":{"line":40,"column":34},"end":{"line":40,"column":48}},"11":{"start":{"line":49,"column":34},"end":{"line":49,"column":47}}},"fnMap":{"0":{"name":"(anonymous_0)","decl":{"start":{"line":14,"column":54},"end":{"line":14,"column":55}},"loc":{"start":{"line":14,"column":77},"end":{"line":68,"column":1}},"line":14},"1":{"name":"(anonymous_1)","decl":{"start":{"line":18,"column":33},"end":{"line":18,"column":34}},"loc":{"start":{"line":18,"column":42},"end":{"line":18,"column":66}},"line":18},"2":{"name":"(anonymous_2)","decl":{"start":{"line":32,"column":22},"end":{"line":32,"column":23}},"loc":{"start":{"line":32,"column":28},"end":{"line":32,"column":41}},"line":32},"3":{"name":"(anonymous_3)","decl":{"start":{"line":40,"column":26},"end":{"line":40,"column":27}},"loc":{"start":{"line":40,"column":34},"end":{"line":40,"column":48}},"line":40},"4":{"name":"(anonymous_4)","decl":{"start":{"line":49,"column":26},"end":{"line":49,"column":27}},"loc":{"start":{"line":49,"column":34},"end":{"line":49,"column":47}},"line":49}},"branchMap":{"0":{"loc":{"start":{"line":19,"column":21},"end":{"line":19,"column":70}},"type":"cond-expr","locations":[{"start":{"line":19,"column":40},"end":{"line":19,"column":66}},{"start":{"line":19,"column":69},"end":{"line":19,"column":70}}],"line":19}},"s":{"0":1,"1":0,"2":0,"3":0,"4":0,"5":0,"6":0,"7":0,"8":0,"9":0,"10":0,"11":0},"f":{"0":0,"1":0,"2":0,"3":0,"4":0},"b":{"0":[0,0]},"_coverageSchema":"1a1c01bbd47fc00a2c39e90264f33305004495a9","hash":"fc83f3a0ae7c086e702cccf629453b02363aa968"}
,"C:\\CONTENTS\\JS\\GDBJest\\SimplePosts\\src\\modals\\ChangeCommentModal.tsx": {"path":"C:\\CONTENTS\\JS\\GDBJest\\SimplePosts\\src\\modals\\ChangeCommentModal.tsx","statementMap":{"0":{"start":{"line":15,"column":65},"end":{"line":50,"column":1}},"1":{"start":{"line":21,"column":2},"end":{"line":49,"column":4}},"2":{"start":{"line":24,"column":28},"end":{"line":24,"column":41}},"3":{"start":{"line":35,"column":34},"end":{"line":35,"column":70}}},"fnMap":{"0":{"name":"(anonymous_0)","decl":{"start":{"line":15,"column":65},"end":{"line":15,"column":66}},"loc":{"start":{"line":20,"column":6},"end":{"line":50,"column":1}},"line":20},"1":{"name":"(anonymous_1)","decl":{"start":{"line":24,"column":22},"end":{"line":24,"column":23}},"loc":{"start":{"line":24,"column":28},"end":{"line":24,"column":41}},"line":24},"2":{"name":"(anonymous_2)","decl":{"start":{"line":35,"column":26},"end":{"line":35,"column":27}},"loc":{"start":{"line":35,"column":34},"end":{"line":35,"column":70}},"line":35}},"branchMap":{},"s":{"0":1,"1":0,"2":0,"3":0},"f":{"0":0,"1":0,"2":0},"b":{},"_coverageSchema":"1a1c01bbd47fc00a2c39e90264f33305004495a9","hash":"b629f5801c45d67d29ca75e15426b2bc1f528ae0"}
,"C:\\CONTENTS\\JS\\GDBJest\\SimplePosts\\src\\modals\\ChangePostModal.tsx": {"path":"C:\\CONTENTS\\JS\\GDBJest\\SimplePosts\\src\\modals\\ChangePostModal.tsx","statementMap":{"0":{"start":{"line":17,"column":64},"end":{"line":65,"column":1}},"1":{"start":{"line":26,"column":18},"end":{"line":30,"column":3}},"2":{"start":{"line":32,"column":2},"end":{"line":64,"column":4}},"3":{"start":{"line":35,"column":28},"end":{"line":35,"column":41}},"4":{"start":{"line":43,"column":34},"end":{"line":43,"column":48}},"5":{"start":{"line":50,"column":34},"end":{"line":50,"column":47}}},"fnMap":{"0":{"name":"(anonymous_0)","decl":{"start":{"line":17,"column":64},"end":{"line":17,"column":65}},"loc":{"start":{"line":25,"column":6},"end":{"line":65,"column":1}},"line":25},"1":{"name":"(anonymous_1)","decl":{"start":{"line":35,"column":22},"end":{"line":35,"column":23}},"loc":{"start":{"line":35,"column":28},"end":{"line":35,"column":41}},"line":35},"2":{"name":"(anonymous_2)","decl":{"start":{"line":43,"column":26},"end":{"line":43,"column":27}},"loc":{"start":{"line":43,"column":34},"end":{"line":43,"column":48}},"line":43},"3":{"name":"(anonymous_3)","decl":{"start":{"line":50,"column":26},"end":{"line":50,"column":27}},"loc":{"start":{"line":50,"column":34},"end":{"line":50,"column":47}},"line":50}},"branchMap":{},"s":{"0":1,"1":0,"2":0,"3":0,"4":0,"5":0},"f":{"0":0,"1":0,"2":0,"3":0},"b":{},"_coverageSchema":"1a1c01bbd47fc00a2c39e90264f33305004495a9","hash":"be1d9b9a9a6d136a558754dc565e2480244582a7"}
,"C:\\CONTENTS\\JS\\GDBJest\\SimplePosts\\src\\redux\\index.ts": {"path":"C:\\CONTENTS\\JS\\GDBJest\\SimplePosts\\src\\redux\\index.ts","statementMap":{"0":{"start":{"line":5,"column":21},"end":{"line":5,"column":69}}},"fnMap":{},"branchMap":{},"s":{"0":1},"f":{},"b":{},"_coverageSchema":"1a1c01bbd47fc00a2c39e90264f33305004495a9","hash":"78ea6863092e0331a53f22c6cb6c26e43003861d"}
,"C:\\CONTENTS\\JS\\GDBJest\\SimplePosts\\src\\redux\\actions\\commentActions.ts": {"path":"C:\\CONTENTS\\JS\\GDBJest\\SimplePosts\\src\\redux\\actions\\commentActions.ts","statementMap":{"0":{"start":{"line":8,"column":29},"end":{"line":24,"column":1}},"1":{"start":{"line":9,"column":2},"end":{"line":23,"column":4}},"2":{"start":{"line":10,"column":4},"end":{"line":22,"column":5}},"3":{"start":{"line":11,"column":6},"end":{"line":11,"column":55}},"4":{"start":{"line":12,"column":23},"end":{"line":14,"column":7}},"5":{"start":{"line":15,"column":19},"end":{"line":15,"column":40}},"6":{"start":{"line":16,"column":6},"end":{"line":16,"column":78}},"7":{"start":{"line":18,"column":6},"end":{"line":21,"column":9}},"8":{"start":{"line":26,"column":26},"end":{"line":34,"column":1}},"9":{"start":{"line":27,"column":2},"end":{"line":33,"column":4}},"10":{"start":{"line":28,"column":4},"end":{"line":32,"column":5}},"11":{"start":{"line":29,"column":6},"end":{"line":29,"column":73}},"12":{"start":{"line":31,"column":6},"end":{"line":31,"column":67}},"13":{"start":{"line":36,"column":29},"end":{"line":44,"column":1}},"14":{"start":{"line":37,"column":2},"end":{"line":43,"column":4}},"15":{"start":{"line":38,"column":4},"end":{"line":42,"column":5}},"16":{"start":{"line":39,"column":6},"end":{"line":39,"column":75}},"17":{"start":{"line":41,"column":6},"end":{"line":41,"column":66}},"18":{"start":{"line":46,"column":29},"end":{"line":54,"column":1}},"19":{"start":{"line":47,"column":2},"end":{"line":53,"column":4}},"20":{"start":{"line":48,"column":4},"end":{"line":52,"column":5}},"21":{"start":{"line":49,"column":6},"end":{"line":49,"column":73}},"22":{"start":{"line":51,"column":6},"end":{"line":51,"column":67}}},"fnMap":{"0":{"name":"(anonymous_0)","decl":{"start":{"line":8,"column":29},"end":{"line":8,"column":30}},"loc":{"start":{"line":8,"column":35},"end":{"line":24,"column":1}},"line":8},"1":{"name":"(anonymous_1)","decl":{"start":{"line":9,"column":9},"end":{"line":9,"column":10}},"loc":{"start":{"line":9,"column":56},"end":{"line":23,"column":3}},"line":9},"2":{"name":"(anonymous_2)","decl":{"start":{"line":26,"column":26},"end":{"line":26,"column":27}},"loc":{"start":{"line":26,"column":52},"end":{"line":34,"column":1}},"line":26},"3":{"name":"(anonymous_3)","decl":{"start":{"line":27,"column":9},"end":{"line":27,"column":10}},"loc":{"start":{"line":27,"column":56},"end":{"line":33,"column":3}},"line":27},"4":{"name":"(anonymous_4)","decl":{"start":{"line":36,"column":29},"end":{"line":36,"column":30}},"loc":{"start":{"line":36,"column":52},"end":{"line":44,"column":1}},"line":36},"5":{"name":"(anonymous_5)","decl":{"start":{"line":37,"column":9},"end":{"line":37,"column":10}},"loc":{"start":{"line":37,"column":56},"end":{"line":43,"column":3}},"line":37},"6":{"name":"(anonymous_6)","decl":{"start":{"line":46,"column":29},"end":{"line":46,"column":30}},"loc":{"start":{"line":46,"column":52},"end":{"line":54,"column":1}},"line":46},"7":{"name":"(anonymous_7)","decl":{"start":{"line":47,"column":9},"end":{"line":47,"column":10}},"loc":{"start":{"line":47,"column":56},"end":{"line":53,"column":3}},"line":47}},"branchMap":{},"s":{"0":1,"1":0,"2":0,"3":0,"4":0,"5":0,"6":0,"7":0,"8":1,"9":0,"10":0,"11":0,"12":0,"13":1,"14":0,"15":0,"16":0,"17":0,"18":1,"19":0,"20":0,"21":0,"22":0},"f":{"0":0,"1":0,"2":0,"3":0,"4":0,"5":0,"6":0,"7":0},"b":{},"_coverageSchema":"1a1c01bbd47fc00a2c39e90264f33305004495a9","hash":"39ea829f397565ce5cf1c841dc8e2275760ff917"}
,"C:\\CONTENTS\\JS\\GDBJest\\SimplePosts\\src\\redux\\actions\\postActions.ts": {"path":"C:\\CONTENTS\\JS\\GDBJest\\SimplePosts\\src\\redux\\actions\\postActions.ts","statementMap":{"0":{"start":{"line":5,"column":26},"end":{"line":21,"column":1}},"1":{"start":{"line":6,"column":2},"end":{"line":20,"column":4}},"2":{"start":{"line":7,"column":4},"end":{"line":19,"column":5}},"3":{"start":{"line":8,"column":6},"end":{"line":8,"column":48}},"4":{"start":{"line":9,"column":23},"end":{"line":11,"column":7}},"5":{"start":{"line":12,"column":23},"end":{"line":12,"column":44}},"6":{"start":{"line":13,"column":6},"end":{"line":13,"column":75}},"7":{"start":{"line":15,"column":6},"end":{"line":18,"column":9}},"8":{"start":{"line":23,"column":23},"end":{"line":34,"column":1}},"9":{"start":{"line":24,"column":2},"end":{"line":33,"column":4}},"10":{"start":{"line":25,"column":4},"end":{"line":32,"column":5}},"11":{"start":{"line":26,"column":6},"end":{"line":26,"column":63}},"12":{"start":{"line":28,"column":6},"end":{"line":31,"column":9}},"13":{"start":{"line":36,"column":26},"end":{"line":44,"column":1}},"14":{"start":{"line":37,"column":2},"end":{"line":43,"column":4}},"15":{"start":{"line":38,"column":4},"end":{"line":42,"column":5}},"16":{"start":{"line":39,"column":6},"end":{"line":39,"column":61}},"17":{"start":{"line":41,"column":6},"end":{"line":41,"column":63}},"18":{"start":{"line":46,"column":26},"end":{"line":50,"column":1}},"19":{"start":{"line":47,"column":2},"end":{"line":49,"column":4}},"20":{"start":{"line":48,"column":4},"end":{"line":48,"column":55}}},"fnMap":{"0":{"name":"(anonymous_0)","decl":{"start":{"line":5,"column":26},"end":{"line":5,"column":27}},"loc":{"start":{"line":5,"column":32},"end":{"line":21,"column":1}},"line":5},"1":{"name":"(anonymous_1)","decl":{"start":{"line":6,"column":9},"end":{"line":6,"column":10}},"loc":{"start":{"line":6,"column":53},"end":{"line":20,"column":3}},"line":6},"2":{"name":"(anonymous_2)","decl":{"start":{"line":23,"column":23},"end":{"line":23,"column":24}},"loc":{"start":{"line":23,"column":43},"end":{"line":34,"column":1}},"line":23},"3":{"name":"(anonymous_3)","decl":{"start":{"line":24,"column":9},"end":{"line":24,"column":10}},"loc":{"start":{"line":24,"column":53},"end":{"line":33,"column":3}},"line":24},"4":{"name":"(anonymous_4)","decl":{"start":{"line":36,"column":26},"end":{"line":36,"column":27}},"loc":{"start":{"line":36,"column":42},"end":{"line":44,"column":1}},"line":36},"5":{"name":"(anonymous_5)","decl":{"start":{"line":37,"column":9},"end":{"line":37,"column":10}},"loc":{"start":{"line":37,"column":53},"end":{"line":43,"column":3}},"line":37},"6":{"name":"(anonymous_6)","decl":{"start":{"line":46,"column":26},"end":{"line":46,"column":27}},"loc":{"start":{"line":46,"column":46},"end":{"line":50,"column":1}},"line":46},"7":{"name":"(anonymous_7)","decl":{"start":{"line":47,"column":9},"end":{"line":47,"column":10}},"loc":{"start":{"line":47,"column":53},"end":{"line":49,"column":3}},"line":47}},"branchMap":{},"s":{"0":2,"1":2,"2":2,"3":2,"4":2,"5":1,"6":1,"7":1,"8":2,"9":1,"10":1,"11":1,"12":0,"13":2,"14":1,"15":1,"16":1,"17":0,"18":2,"19":1,"20":1},"f":{"0":2,"1":2,"2":1,"3":1,"4":1,"5":1,"6":1,"7":1},"b":{},"_coverageSchema":"1a1c01bbd47fc00a2c39e90264f33305004495a9","hash":"5fa88cd9cb37a120cdbd4a4c048d3e3a7c34e443"}
,"C:\\CONTENTS\\JS\\GDBJest\\SimplePosts\\src\\redux\\hooks\\typedSelectors.ts": {"path":"C:\\CONTENTS\\JS\\GDBJest\\SimplePosts\\src\\redux\\hooks\\typedSelectors.ts","statementMap":{"0":{"start":{"line":4,"column":66},"end":{"line":4,"column":77}}},"fnMap":{},"branchMap":{},"s":{"0":1},"f":{},"b":{},"_coverageSchema":"1a1c01bbd47fc00a2c39e90264f33305004495a9","hash":"df775a199a2a3c0b589373d5ac35a9d29b6ba4cb"}
,"C:\\CONTENTS\\JS\\GDBJest\\SimplePosts\\src\\redux\\reducers\\commentsReducer.ts": {"path":"C:\\CONTENTS\\JS\\GDBJest\\SimplePosts\\src\\redux\\reducers\\commentsReducer.ts","statementMap":{"0":{"start":{"line":7,"column":36},"end":{"line":11,"column":1}},"1":{"start":{"line":13,"column":31},"end":{"line":50,"column":1}},"2":{"start":{"line":17,"column":2},"end":{"line":49,"column":3}},"3":{"start":{"line":19,"column":6},"end":{"line":19,"column":41}},"4":{"start":{"line":21,"column":6},"end":{"line":21,"column":68}},"5":{"start":{"line":23,"column":6},"end":{"line":23,"column":65}},"6":{"start":{"line":25,"column":6},"end":{"line":25,"column":71}},"7":{"start":{"line":27,"column":6},"end":{"line":32,"column":8}},"8":{"start":{"line":30,"column":21},"end":{"line":30,"column":50}},"9":{"start":{"line":34,"column":24},"end":{"line":42,"column":8}},"10":{"start":{"line":35,"column":8},"end":{"line":40,"column":9}},"11":{"start":{"line":39,"column":10},"end":{"line":39,"column":35}},"12":{"start":{"line":41,"column":8},"end":{"line":41,"column":23}},"13":{"start":{"line":43,"column":6},"end":{"line":46,"column":8}},"14":{"start":{"line":48,"column":6},"end":{"line":48,"column":19}}},"fnMap":{"0":{"name":"(anonymous_0)","decl":{"start":{"line":13,"column":31},"end":{"line":13,"column":32}},"loc":{"start":{"line":16,"column":5},"end":{"line":50,"column":1}},"line":16},"1":{"name":"(anonymous_1)","decl":{"start":{"line":30,"column":10},"end":{"line":30,"column":11}},"loc":{"start":{"line":30,"column":21},"end":{"line":30,"column":50}},"line":30},"2":{"name":"(anonymous_2)","decl":{"start":{"line":34,"column":43},"end":{"line":34,"column":44}},"loc":{"start":{"line":34,"column":54},"end":{"line":42,"column":7}},"line":34}},"branchMap":{"0":{"loc":{"start":{"line":14,"column":2},"end":{"line":14,"column":22}},"type":"default-arg","locations":[{"start":{"line":14,"column":10},"end":{"line":14,"column":22}}],"line":14},"1":{"loc":{"start":{"line":17,"column":2},"end":{"line":49,"column":3}},"type":"switch","locations":[{"start":{"line":18,"column":4},"end":{"line":19,"column":41}},{"start":{"line":20,"column":4},"end":{"line":21,"column":68}},{"start":{"line":22,"column":4},"end":{"line":23,"column":65}},{"start":{"line":24,"column":4},"end":{"line":25,"column":71}},{"start":{"line":26,"column":4},"end":{"line":32,"column":8}},{"start":{"line":33,"column":4},"end":{"line":46,"column":8}},{"start":{"line":47,"column":4},"end":{"line":48,"column":19}}],"line":17},"2":{"loc":{"start":{"line":35,"column":8},"end":{"line":40,"column":9}},"type":"if","locations":[{"start":{"line":35,"column":8},"end":{"line":40,"column":9}},{"start":{},"end":{}}],"line":35},"3":{"loc":{"start":{"line":36,"column":10},"end":{"line":37,"column":42}},"type":"binary-expr","locations":[{"start":{"line":36,"column":10},"end":{"line":36,"column":50}},{"start":{"line":37,"column":10},"end":{"line":37,"column":42}}],"line":36}},"s":{"0":1,"1":1,"2":5,"3":0,"4":0,"5":0,"6":0,"7":0,"8":0,"9":0,"10":0,"11":0,"12":0,"13":0,"14":5},"f":{"0":5,"1":0,"2":0},"b":{"0":[3],"1":[0,0,0,0,0,0,5],"2":[0,0],"3":[0,0]},"_coverageSchema":"1a1c01bbd47fc00a2c39e90264f33305004495a9","hash":"538178b1e10a88d559a975673e46076b05cc1b05"}
,"C:\\CONTENTS\\JS\\GDBJest\\SimplePosts\\src\\redux\\reducers\\index.ts": {"path":"C:\\CONTENTS\\JS\\GDBJest\\SimplePosts\\src\\redux\\reducers\\index.ts","statementMap":{"0":{"start":{"line":5,"column":27},"end":{"line":8,"column":2}}},"fnMap":{},"branchMap":{},"s":{"0":1},"f":{},"b":{},"_coverageSchema":"1a1c01bbd47fc00a2c39e90264f33305004495a9","hash":"108ca3d44d941fa6a0e472143f1da16558805c0a"}
,"C:\\CONTENTS\\JS\\GDBJest\\SimplePosts\\src\\redux\\reducers\\postsReducer.ts": {"path":"C:\\CONTENTS\\JS\\GDBJest\\SimplePosts\\src\\redux\\reducers\\postsReducer.ts","statementMap":{"0":{"start":{"line":4,"column":33},"end":{"line":8,"column":1}},"1":{"start":{"line":10,"column":28},"end":{"line":39,"column":1}},"2":{"start":{"line":14,"column":2},"end":{"line":38,"column":3}},"3":{"start":{"line":16,"column":6},"end":{"line":16,"column":55}},"4":{"start":{"line":18,"column":6},"end":{"line":18,"column":68}},"5":{"start":{"line":20,"column":6},"end":{"line":20,"column":66}},"6":{"start":{"line":22,"column":6},"end":{"line":22,"column":65}},"7":{"start":{"line":24,"column":6},"end":{"line":27,"column":8}},"8":{"start":{"line":26,"column":42},"end":{"line":26,"column":68}},"9":{"start":{"line":29,"column":21},"end":{"line":31,"column":7}},"10":{"start":{"line":30,"column":8},"end":{"line":30,"column":61}},"11":{"start":{"line":32,"column":6},"end":{"line":35,"column":8}},"12":{"start":{"line":37,"column":6},"end":{"line":37,"column":19}}},"fnMap":{"0":{"name":"(anonymous_0)","decl":{"start":{"line":10,"column":28},"end":{"line":10,"column":29}},"loc":{"start":{"line":13,"column":17},"end":{"line":39,"column":1}},"line":13},"1":{"name":"(anonymous_1)","decl":{"start":{"line":26,"column":34},"end":{"line":26,"column":35}},"loc":{"start":{"line":26,"column":42},"end":{"line":26,"column":68}},"line":26},"2":{"name":"(anonymous_2)","decl":{"start":{"line":29,"column":37},"end":{"line":29,"column":38}},"loc":{"start":{"line":30,"column":8},"end":{"line":30,"column":61}},"line":30}},"branchMap":{"0":{"loc":{"start":{"line":11,"column":2},"end":{"line":11,"column":34}},"type":"default-arg","locations":[{"start":{"line":11,"column":22},"end":{"line":11,"column":34}}],"line":11},"1":{"loc":{"start":{"line":14,"column":2},"end":{"line":38,"column":3}},"type":"switch","locations":[{"start":{"line":15,"column":4},"end":{"line":16,"column":55}},{"start":{"line":17,"column":4},"end":{"line":18,"column":68}},{"start":{"line":19,"column":4},"end":{"line":20,"column":66}},{"start":{"line":21,"column":4},"end":{"line":22,"column":65}},{"start":{"line":23,"column":4},"end":{"line":27,"column":8}},{"start":{"line":28,"column":4},"end":{"line":35,"column":8}},{"start":{"line":36,"column":4},"end":{"line":37,"column":19}}],"line":14},"2":{"loc":{"start":{"line":30,"column":8},"end":{"line":30,"column":61}},"type":"cond-expr","locations":[{"start":{"line":30,"column":40},"end":{"line":30,"column":54}},{"start":{"line":30,"column":57},"end":{"line":30,"column":61}}],"line":30}},"s":{"0":2,"1":2,"2":12,"3":2,"4":1,"5":2,"6":1,"7":1,"8":2,"9":1,"10":2,"11":1,"12":4},"f":{"0":12,"1":2,"2":2},"b":{"0":[3],"1":[2,1,2,1,1,1,4],"2":[1,1]},"_coverageSchema":"1a1c01bbd47fc00a2c39e90264f33305004495a9","hash":"147c7fe4d77a0c47bcbd1585dcdc1aa949770bd0"}
,"C:\\CONTENTS\\JS\\GDBJest\\SimplePosts\\src\\redux\\types\\CommentTypes.ts": {"path":"C:\\CONTENTS\\JS\\GDBJest\\SimplePosts\\src\\redux\\types\\CommentTypes.ts","statementMap":{},"fnMap":{},"branchMap":{},"s":{},"f":{},"b":{},"_coverageSchema":"1a1c01bbd47fc00a2c39e90264f33305004495a9","hash":"269bdbde0874e5a0b12f80ece04313e90eed5a53"}
,"C:\\CONTENTS\\JS\\GDBJest\\SimplePosts\\src\\redux\\types\\PostTypes.ts": {"path":"C:\\CONTENTS\\JS\\GDBJest\\SimplePosts\\src\\redux\\types\\PostTypes.ts","statementMap":{},"fnMap":{},"branchMap":{},"s":{},"f":{},"b":{},"_coverageSchema":"1a1c01bbd47fc00a2c39e90264f33305004495a9","hash":"fc4049c4dfb44083f850b837d6a17dd366641a90"}
,"C:\\CONTENTS\\JS\\GDBJest\\SimplePosts\\src\\styles\\styles.ts": {"path":"C:\\CONTENTS\\JS\\GDBJest\\SimplePosts\\src\\styles\\styles.ts","statementMap":{"0":{"start":{"line":3,"column":14},"end":{"line":3,"column":44}},"1":{"start":{"line":4,"column":15},"end":{"line":4,"column":46}},"2":{"start":{"line":6,"column":22},"end":{"line":122,"column":2}}},"fnMap":{},"branchMap":{},"s":{"0":1,"1":1,"2":1},"f":{},"b":{},"_coverageSchema":"1a1c01bbd47fc00a2c39e90264f33305004495a9","hash":"4094c9ff73e43ecbf9b871553a5dd02e9222b515"}
}
