TN:
SF:App.tsx
FN:44,(anonymous_0)
FN:47,(anonymous_1)
FNF:2
FNH:1
FNDA:0,(anonymous_0)
FNDA:1,(anonymous_1)
DA:25,1
DA:27,1
DA:35,1
DA:44,0
DA:47,1
DA:48,1
LF:6
LH:5
BRF:0
BRH:0
end_of_record
TN:
SF:src\components\Comments.tsx
FN:18,(anonymous_0)
FN:21,(anonymous_1)
FN:34,(anonymous_2)
FN:42,(anonymous_3)
FN:46,(anonymous_4)
FN:50,(anonymous_5)
FNF:6
FNH:0
FNDA:0,(anonymous_0)
FNDA:0,(anonymous_1)
FNDA:0,(anonymous_2)
FNDA:0,(anonymous_3)
FNDA:0,(anonymous_4)
FNDA:0,(anonymous_5)
DA:18,1
DA:19,0
DA:20,0
DA:21,0
DA:23,0
DA:28,0
DA:30,0
DA:31,0
DA:33,0
DA:34,0
DA:37,0
DA:38,0
DA:39,0
DA:42,0
DA:43,0
DA:46,0
DA:47,0
DA:50,0
DA:51,0
DA:68,0
DA:69,0
DA:74,0
DA:75,0
DA:78,0
LF:24
LH:1
BRDA:38,0,0,0
BRDA:38,0,1,0
BRDA:68,1,0,0
BRDA:68,1,1,0
BRDA:74,2,0,0
BRDA:74,2,1,0
BRF:6
BRH:0
end_of_record
TN:
SF:src\components\Header.tsx
FN:9,(anonymous_0)
FNF:1
FNH:0
FNDA:0,(anonymous_0)
DA:9,1
DA:10,0
LF:2
LH:1
BRF:0
BRH:0
end_of_record
TN:
SF:src\components\PostItem.tsx
FN:12,(anonymous_0)
FN:14,(anonymous_1)
FNF:2
FNH:0
FNDA:0,(anonymous_0)
FNDA:0,(anonymous_1)
DA:12,1
DA:13,0
DA:14,0
DA:16,0
LF:4
LH:1
BRF:0
BRH:0
end_of_record
TN:
SF:src\components\PostList.tsx
FN:29,(anonymous_0)
FN:37,(anonymous_1)
FN:40,(anonymous_2)
FN:44,(anonymous_3)
FN:46,(anonymous_4)
FN:52,(anonymous_5)
FN:59,(anonymous_6)
FN:79,(anonymous_7)
FN:110,(anonymous_8)
FNF:9
FNH:3
FNDA:2,(anonymous_0)
FNDA:4,(anonymous_1)
FNDA:0,(anonymous_2)
FNDA:0,(anonymous_3)
FNDA:0,(anonymous_4)
FNDA:0,(anonymous_5)
FNDA:0,(anonymous_6)
FNDA:1,(anonymous_7)
FNDA:0,(anonymous_8)
DA:29,1
DA:30,2
DA:31,2
DA:32,2
DA:33,2
DA:34,2
DA:35,2
DA:36,2
DA:37,4
DA:40,2
DA:41,0
DA:44,2
DA:46,2
DA:47,0
DA:48,0
DA:49,0
DA:52,2
DA:53,0
DA:59,0
DA:79,2
DA:80,1
DA:83,2
DA:84,1
DA:91,1
DA:92,1
DA:99,0
DA:110,0
LF:27
LH:19
BRDA:83,0,0,1
BRDA:83,0,1,1
BRDA:91,1,0,1
BRDA:91,1,1,0
BRF:4
BRH:3
end_of_record
TN:
SF:src\components\buttons\AddCommentButton.tsx
FN:19,(anonymous_0)
FN:28,(anonymous_1)
FNF:2
FNH:0
FNDA:0,(anonymous_0)
FNDA:0,(anonymous_1)
DA:19,1
DA:26,0
DA:28,0
DA:29,0
DA:30,0
DA:33,0
DA:34,0
DA:36,0
DA:37,0
DA:41,0
LF:10
LH:1
BRDA:29,0,0,0
BRDA:29,0,1,0
BRDA:36,1,0,0
BRDA:36,1,1,0
BRDA:36,2,0,0
BRDA:36,2,1,0
BRF:6
BRH:0
end_of_record
TN:
SF:src\components\buttons\AddPostButton.tsx
FN:18,(anonymous_0)
FN:28,(anonymous_1)
FNF:2
FNH:0
FNDA:0,(anonymous_0)
FNDA:0,(anonymous_1)
DA:18,1
DA:26,0
DA:28,0
DA:29,0
DA:30,0
DA:32,0
DA:33,0
DA:35,0
DA:36,0
DA:38,0
DA:41,0
LF:11
LH:1
BRDA:29,0,0,0
BRDA:29,0,1,0
BRDA:29,1,0,0
BRDA:29,1,1,0
BRDA:35,2,0,0
BRDA:35,2,1,0
BRDA:35,3,0,0
BRDA:35,3,1,0
BRF:8
BRH:0
end_of_record
TN:
SF:src\components\buttons\ChangeButton.tsx
FN:20,(anonymous_0)
FN:28,(anonymous_1)
FNF:2
FNH:0
FNDA:0,(anonymous_0)
FNDA:0,(anonymous_1)
DA:20,1
DA:26,0
DA:28,0
DA:29,0
DA:30,0
DA:32,0
LF:6
LH:1
BRF:0
BRH:0
end_of_record
TN:
SF:src\components\buttons\DeleteButton.tsx
FN:17,(anonymous_0)
FN:22,(anonymous_1)
FNF:2
FNH:0
FNDA:0,(anonymous_0)
FNDA:0,(anonymous_1)
DA:17,1
DA:21,0
DA:22,0
DA:23,0
DA:25,0
LF:5
LH:1
BRF:0
BRH:0
end_of_record
TN:
SF:src\components\buttons\ToggleButton.tsx
FN:15,(anonymous_0)
FN:20,(anonymous_1)
FNF:2
FNH:0
FNDA:0,(anonymous_0)
FNDA:0,(anonymous_1)
DA:15,1
DA:20,0
DA:21,0
DA:22,0
DA:25,0
DA:27,0
LF:6
LH:1
BRDA:21,0,0,0
BRDA:21,0,1,0
BRDA:21,1,0,0
BRDA:21,1,1,0
BRDA:29,2,0,0
BRDA:29,2,1,0
BRF:6
BRH:0
end_of_record
TN:
SF:src\icons\AddIcon.tsx
FN:4,(anonymous_0)
FNF:1
FNH:0
FNDA:0,(anonymous_0)
DA:4,1
DA:5,0
LF:2
LH:1
BRF:0
BRH:0
end_of_record
TN:
SF:src\icons\DeleteIcon.tsx
FN:4,(anonymous_0)
FNF:1
FNH:0
FNDA:0,(anonymous_0)
DA:4,1
DA:5,0
LF:2
LH:1
BRF:0
BRH:0
end_of_record
TN:
SF:src\icons\EditIcon.tsx
FN:4,(anonymous_0)
FNF:1
FNH:0
FNDA:0,(anonymous_0)
DA:4,1
DA:5,0
LF:2
LH:1
BRF:0
BRH:0
end_of_record
TN:
SF:src\modals\AddCommentModal.tsx
FN:14,(anonymous_0)
FN:30,(anonymous_1)
FN:44,(anonymous_2)
FNF:3
FNH:0
FNDA:0,(anonymous_0)
FNDA:0,(anonymous_1)
FNDA:0,(anonymous_2)
DA:14,1
DA:20,0
DA:21,0
DA:27,0
DA:31,0
DA:32,0
DA:44,0
LF:7
LH:1
BRF:0
BRH:0
end_of_record
TN:
SF:src\modals\AddPostModal.tsx
FN:14,(anonymous_0)
FN:18,(anonymous_1)
FN:32,(anonymous_2)
FN:40,(anonymous_3)
FN:49,(anonymous_4)
FNF:5
FNH:0
FNDA:0,(anonymous_0)
FNDA:0,(anonymous_1)
FNDA:0,(anonymous_2)
FNDA:0,(anonymous_3)
FNDA:0,(anonymous_4)
DA:14,1
DA:15,0
DA:16,0
DA:18,0
DA:19,0
DA:20,0
DA:22,0
DA:28,0
DA:32,0
DA:40,0
DA:49,0
LF:11
LH:1
BRDA:19,0,0,0
BRDA:19,0,1,0
BRF:2
BRH:0
end_of_record
TN:
SF:src\modals\ChangeCommentModal.tsx
FN:15,(anonymous_0)
FN:24,(anonymous_1)
FN:35,(anonymous_2)
FNF:3
FNH:0
FNDA:0,(anonymous_0)
FNDA:0,(anonymous_1)
FNDA:0,(anonymous_2)
DA:15,1
DA:21,0
DA:24,0
DA:35,0
LF:4
LH:1
BRF:0
BRH:0
end_of_record
TN:
SF:src\modals\ChangePostModal.tsx
FN:17,(anonymous_0)
FN:35,(anonymous_1)
FN:43,(anonymous_2)
FN:50,(anonymous_3)
FNF:4
FNH:0
FNDA:0,(anonymous_0)
FNDA:0,(anonymous_1)
FNDA:0,(anonymous_2)
FNDA:0,(anonymous_3)
DA:17,1
DA:26,0
DA:32,0
DA:35,0
DA:43,0
DA:50,0
LF:6
LH:1
BRF:0
BRH:0
end_of_record
TN:
SF:src\redux\index.ts
FNF:0
FNH:0
DA:5,1
LF:1
LH:1
BRF:0
BRH:0
end_of_record
TN:
SF:src\redux\actions\commentActions.ts
FN:8,(anonymous_0)
FN:9,(anonymous_1)
FN:26,(anonymous_2)
FN:27,(anonymous_3)
FN:36,(anonymous_4)
FN:37,(anonymous_5)
FN:46,(anonymous_6)
FN:47,(anonymous_7)
FNF:8
FNH:0
FNDA:0,(anonymous_0)
FNDA:0,(anonymous_1)
FNDA:0,(anonymous_2)
FNDA:0,(anonymous_3)
FNDA:0,(anonymous_4)
FNDA:0,(anonymous_5)
FNDA:0,(anonymous_6)
FNDA:0,(anonymous_7)
DA:8,1
DA:9,0
DA:10,0
DA:11,0
DA:12,0
DA:15,0
DA:16,0
DA:18,0
DA:26,1
DA:27,0
DA:28,0
DA:29,0
DA:31,0
DA:36,1
DA:37,0
DA:38,0
DA:39,0
DA:41,0
DA:46,1
DA:47,0
DA:48,0
DA:49,0
DA:51,0
LF:23
LH:4
BRF:0
BRH:0
end_of_record
TN:
SF:src\redux\actions\postActions.ts
FN:5,(anonymous_0)
FN:6,(anonymous_1)
FN:23,(anonymous_2)
FN:24,(anonymous_3)
FN:36,(anonymous_4)
FN:37,(anonymous_5)
FN:46,(anonymous_6)
FN:47,(anonymous_7)
FNF:8
FNH:8
FNDA:2,(anonymous_0)
FNDA:2,(anonymous_1)
FNDA:1,(anonymous_2)
FNDA:1,(anonymous_3)
FNDA:1,(anonymous_4)
FNDA:1,(anonymous_5)
FNDA:1,(anonymous_6)
FNDA:1,(anonymous_7)
DA:5,2
DA:6,2
DA:7,2
DA:8,2
DA:9,2
DA:12,1
DA:13,1
DA:15,1
DA:23,2
DA:24,1
DA:25,1
DA:26,1
DA:28,0
DA:36,2
DA:37,1
DA:38,1
DA:39,1
DA:41,0
DA:46,2
DA:47,1
DA:48,1
LF:21
LH:19
BRF:0
BRH:0
end_of_record
TN:
SF:src\redux\hooks\typedSelectors.ts
FNF:0
FNH:0
DA:4,1
LF:1
LH:1
BRF:0
BRH:0
end_of_record
TN:
SF:src\redux\reducers\commentsReducer.ts
FN:13,(anonymous_0)
FN:30,(anonymous_1)
FN:34,(anonymous_2)
FNF:3
FNH:1
FNDA:5,(anonymous_0)
FNDA:0,(anonymous_1)
FNDA:0,(anonymous_2)
DA:7,1
DA:13,1
DA:17,5
DA:19,0
DA:21,0
DA:23,0
DA:25,0
DA:27,0
DA:30,0
DA:34,0
DA:35,0
DA:39,0
DA:41,0
DA:43,0
DA:48,5
LF:15
LH:4
BRDA:14,0,0,3
BRDA:17,1,0,0
BRDA:17,1,1,0
BRDA:17,1,2,0
BRDA:17,1,3,0
BRDA:17,1,4,0
BRDA:17,1,5,0
BRDA:17,1,6,5
BRDA:35,2,0,0
BRDA:35,2,1,0
BRDA:36,3,0,0
BRDA:36,3,1,0
BRF:12
BRH:2
end_of_record
TN:
SF:src\redux\reducers\index.ts
FNF:0
FNH:0
DA:5,1
LF:1
LH:1
BRF:0
BRH:0
end_of_record
TN:
SF:src\redux\reducers\postsReducer.ts
FN:10,(anonymous_0)
FN:26,(anonymous_1)
FN:29,(anonymous_2)
FNF:3
FNH:3
FNDA:12,(anonymous_0)
FNDA:2,(anonymous_1)
FNDA:2,(anonymous_2)
DA:4,2
DA:10,2
DA:14,12
DA:16,2
DA:18,1
DA:20,2
DA:22,1
DA:24,1
DA:26,2
DA:29,1
DA:30,2
DA:32,1
DA:37,4
LF:13
LH:13
BRDA:11,0,0,3
BRDA:14,1,0,2
BRDA:14,1,1,1
BRDA:14,1,2,2
BRDA:14,1,3,1
BRDA:14,1,4,1
BRDA:14,1,5,1
BRDA:14,1,6,4
BRDA:30,2,0,1
BRDA:30,2,1,1
BRF:10
BRH:10
end_of_record
TN:
SF:src\redux\types\CommentTypes.ts
FNF:0
FNH:0
LF:0
LH:0
BRF:0
BRH:0
end_of_record
TN:
SF:src\redux\types\PostTypes.ts
FNF:0
FNH:0
LF:0
LH:0
BRF:0
BRH:0
end_of_record
TN:
SF:src\styles\styles.ts
FNF:0
FNH:0
DA:3,1
DA:4,1
DA:6,1
LF:3
LH:3
BRF:0
BRH:0
end_of_record
